1561100560.005423 2019-06-21 15:02:40,005 DEBUG 55653    153 Thread-1 Hi from myfunc
1561100560.005527 2019-06-21 15:02:40,005 DEBUG 55653    153 MainThread Hello from main
1561100560.507140 2019-06-21 15:02:40,507 DEBUG 55653    655 Thread-1 Hi from myfunc
1561100560.756323 2019-06-21 15:02:40,756 DEBUG 55653    904 MainThread Hello from main
1561100561.010052 2019-06-21 15:02:41,010 DEBUG 55653   1158 Thread-1 Hi from myfunc
1561100561.511795 2019-06-21 15:02:41,511 DEBUG 55653   1659 MainThread Hello from main
1561100561.513494 2019-06-21 15:02:41,513 DEBUG 55653   1661 Thread-1 Hi from myfunc
1561100562.016734 2019-06-21 15:02:42,016 DEBUG 55653   2164 Thread-1 Hi from myfunc
1561100562.264835 2019-06-21 15:02:42,264 DEBUG 55653   2412 MainThread Hello from main
1561100562.517162 2019-06-21 15:02:42,517 DEBUG 55653   2665 Thread-1 Hi from myfunc
1561100563.017086 2019-06-21 15:02:43,017 DEBUG 55653   3165 MainThread Hello from main
1561100563.021714 2019-06-21 15:02:43,021 DEBUG 55653   3169 Thread-1 Hi from myfunc
1561100563.525312 2019-06-21 15:02:43,525 DEBUG 55653   3673 Thread-1 Hi from myfunc
1561100563.770473 2019-06-21 15:02:43,770 DEBUG 55653   3918 MainThread Hello from main
1561100564.029364 2019-06-21 15:02:44,029 DEBUG 55653   4177 Thread-1 Hi from myfunc
1561100564.525793 2019-06-21 15:02:44,525 DEBUG 55653   4673 MainThread Hello from main
1561100564.534466 2019-06-21 15:02:44,534 DEBUG 55653   4682 Thread-1 Hi from myfunc
1561100565.035782 2019-06-21 15:02:45,035 DEBUG 55653   5183 Thread-1 Hi from myfunc
1561100565.279270 2019-06-21 15:02:45,279 DEBUG 55653   5427 MainThread Hello from main
1561100565.538579 2019-06-21 15:02:45,538 DEBUG 55653   5686 Thread-1 Hi from myfunc
1561100566.031733 2019-06-21 15:02:46,031 DEBUG 55653   6179 MainThread Hello from main
1561100566.039116 2019-06-21 15:02:46,039 DEBUG 55653   6187 Thread-1 Hi from myfunc
1561100566.540463 2019-06-21 15:02:46,540 DEBUG 55653   6688 Thread-1 Hi from myfunc
1561100566.783373 2019-06-21 15:02:46,783 DEBUG 55653   6931 MainThread Hello from main
1561100567.041806 2019-06-21 15:02:47,041 DEBUG 55653   7189 Thread-1 Hi from myfunc
1561100567.536730 2019-06-21 15:02:47,536 DEBUG 55653   7684 MainThread Hello from main
1561100567.542822 2019-06-21 15:02:47,542 DEBUG 55653   7690 Thread-1 Hi from myfunc
1561100568.043728 2019-06-21 15:02:48,043 DEBUG 55653   8191 Thread-1 Hi from myfunc
1561100568.287263 2019-06-21 15:02:48,287 DEBUG 55653   8435 MainThread Hello from main
1561100568.548624 2019-06-21 15:02:48,548 DEBUG 55653   8696 Thread-1 Hi from myfunc
1561100569.040974 2019-06-21 15:02:49,040 DEBUG 55653   9189 MainThread Hello from main
1561100569.053893 2019-06-21 15:02:49,053 DEBUG 55653   9201 Thread-1 Hi from myfunc
1561100569.555535 2019-06-21 15:02:49,555 DEBUG 55653   9703 Thread-1 Hi from myfunc
1561100569.795422 2019-06-21 15:02:49,795 DEBUG 55653   9943 MainThread Hello from main
1561100570.059756 2019-06-21 15:02:50,059 DEBUG 55653  10207 Thread-1 Hi from myfunc
1561100570.550276 2019-06-21 15:02:50,550 DEBUG 55653  10698 MainThread Hello from main
1561100570.562411 2019-06-21 15:02:50,562 DEBUG 55653  10710 Thread-1 Hi from myfunc
1561100571.064849 2019-06-21 15:02:51,064 DEBUG 55653  11212 Thread-1 Hi from myfunc
1561100571.304389 2019-06-21 15:02:51,304 DEBUG 55653  11452 MainThread Hello from main
1561100571.567759 2019-06-21 15:02:51,567 DEBUG 55653  11715 Thread-1 Hi from myfunc
1561100572.056898 2019-06-21 15:02:52,056 DEBUG 55653  12204 MainThread Hello from main
1561100572.072033 2019-06-21 15:02:52,072 DEBUG 55653  12220 Thread-1 Hi from myfunc
1561100572.573096 2019-06-21 15:02:52,573 DEBUG 55653  12721 Thread-1 Hi from myfunc
1561100572.807788 2019-06-21 15:02:52,807 DEBUG 55653  12955 MainThread Hello from main
1561100573.078700 2019-06-21 15:02:53,078 DEBUG 55653  13226 Thread-1 Hi from myfunc
1561100573.561601 2019-06-21 15:02:53,561 DEBUG 55653  13709 MainThread Hello from main
1561100573.579840 2019-06-21 15:02:53,579 DEBUG 55653  13727 Thread-1 Hi from myfunc
1561100574.080979 2019-06-21 15:02:54,080 DEBUG 55653  14229 Thread-1 Hi from myfunc
1561100574.315817 2019-06-21 15:02:54,315 DEBUG 55653  14463 MainThread Hello from main
1561100574.581643 2019-06-21 15:02:54,581 DEBUG 55653  14729 Thread-1 Hi from myfunc
1561100575.068154 2019-06-21 15:02:55,068 DEBUG 55653  15216 MainThread Hello from main
1561100575.085912 2019-06-21 15:02:55,085 DEBUG 55653  15233 Thread-1 Hi from myfunc
1561100575.587515 2019-06-21 15:02:55,587 DEBUG 55653  15735 Thread-1 Hi from myfunc
1561100575.823745 2019-06-21 15:02:55,823 DEBUG 55653  15971 MainThread Hello from main
1561100576.092418 2019-06-21 15:02:56,092 DEBUG 55653  16240 Thread-1 Hi from myfunc
1561100576.576652 2019-06-21 15:02:56,576 DEBUG 55653  16724 MainThread Hello from main
1561100576.596551 2019-06-21 15:02:56,596 DEBUG 55653  16744 Thread-1 Hi from myfunc
1561100577.098358 2019-06-21 15:02:57,098 DEBUG 55653  17246 Thread-1 Hi from myfunc
1561100577.328989 2019-06-21 15:02:57,328 DEBUG 55653  17477 MainThread Hello from main
1561100577.602951 2019-06-21 15:02:57,602 DEBUG 55653  17751 Thread-1 Hi from myfunc
1561100578.082291 2019-06-21 15:02:58,082 DEBUG 55653  18230 MainThread Hello from main
1561100578.108324 2019-06-21 15:02:58,108 DEBUG 55653  18256 Thread-1 Hi from myfunc
1561100578.609246 2019-06-21 15:02:58,609 DEBUG 55653  18757 Thread-1 Hi from myfunc
1561100578.834547 2019-06-21 15:02:58,834 DEBUG 55653  18982 MainThread Hello from main
1561100579.114433 2019-06-21 15:02:59,114 DEBUG 55653  19262 Thread-1 Hi from myfunc
1561100579.589373 2019-06-21 15:02:59,589 DEBUG 55653  19737 MainThread Hello from main
1561100579.616057 2019-06-21 15:02:59,616 DEBUG 55653  19764 Thread-1 Hi from myfunc
1561100580.121111 2019-06-21 15:03:00,121 DEBUG 55653  20269 Thread-1 Hi from myfunc
1561100580.344346 2019-06-21 15:03:00,344 DEBUG 55653  20492 MainThread Hello from main
1561100580.625135 2019-06-21 15:03:00,625 DEBUG 55653  20773 Thread-1 Hi from myfunc
1561100581.098729 2019-06-21 15:03:01,098 DEBUG 55653  21246 MainThread Hello from main
1561100581.130264 2019-06-21 15:03:01,130 DEBUG 55653  21278 Thread-1 Hi from myfunc
1561100581.635568 2019-06-21 15:03:01,635 DEBUG 55653  21783 Thread-1 Hi from myfunc
